2019-11-25 09:53:23 INFO  Server:54 - server.Server started working...
2019-11-25 09:53:24 INFO  Server:44 - Sender started
2019-11-25 09:53:25 INFO  Client:60 - Client Client 1 started working
2019-11-25 09:53:28 INFO  Client:60 - Client Client 0 started working
2019-11-25 09:53:30 INFO  Client:60 - Client Client 2 started working
2019-11-25 09:53:33 INFO  Client:60 - Client Client 2 started working
2019-11-25 09:53:34 INFO  Server:56 - Message sanded
2019-11-25 09:53:35 INFO  Server:56 - Message sanded
2019-11-25 09:53:44 INFO  Server:56 - Message sanded
2019-11-25 09:53:44 INFO  Server:56 - Message sanded
2019-11-25 09:53:54 INFO  Server:56 - Message sanded
2019-11-25 09:53:54 INFO  Server:56 - Message sanded
2019-11-25 09:54:05 INFO  Server:56 - Message sanded
2019-11-25 09:54:05 INFO  Server:56 - Message sanded
2019-11-25 11:45:13 INFO  Server:49 - server.Server started working...
2019-11-25 11:45:14 INFO  Server:44 - Sender started
2019-11-25 11:45:16 INFO  Client:60 - Client Client 0 started working
2019-11-25 11:45:18 INFO  Client:60 - Client Client 1 started working
2019-11-25 11:45:20 INFO  Client:60 - Client Client 0 started working
2019-11-25 11:45:23 INFO  Client:60 - Client Client 0 started working
2019-11-25 11:45:24 INFO  Server:56 - Message sanded
2019-11-25 11:45:24 INFO  Server:56 - Message sanded
2019-11-25 11:45:34 INFO  Server:56 - Message sanded
2019-11-25 11:45:34 INFO  Server:56 - Message sanded
2019-11-25 11:45:44 INFO  Server:56 - Message sanded
2019-11-25 11:45:44 INFO  Server:56 - Message sanded
2019-11-25 11:45:54 INFO  Server:56 - Message sanded
2019-11-25 11:45:54 INFO  Server:56 - Message sanded
2019-11-25 11:49:16 INFO  Server:51 - server.Server started working...
2019-11-25 11:49:17 INFO  Server:44 - Sender started
2019-11-25 11:49:56 INFO  Client:60 - Client Client 1 started working
2019-11-25 11:50:11 INFO  Server:51 - server.Server started working...
2019-11-25 11:50:12 INFO  Server:44 - Sender started
2019-11-25 11:50:13 INFO  Client:60 - Client Client 1 started working
2019-11-25 11:50:54 INFO  Server:49 - server.Server started working...
2019-11-25 11:50:55 INFO  Server:44 - Sender started
2019-11-25 11:51:06 INFO  Client:60 - Client Client 1 started working
2019-11-25 11:51:08 INFO  Client:60 - Client Client 0 started working
2019-11-25 11:51:10 INFO  Client:60 - Client Client 1 started working
2019-11-25 11:51:10 INFO  Server:56 - Message sanded
2019-11-25 11:51:10 INFO  Server:56 - Message sanded
2019-11-25 11:51:12 INFO  Client:60 - Client Client 0 started working
2019-11-25 11:51:20 INFO  Server:56 - Message sanded
2019-11-25 11:51:20 INFO  Server:56 - Message sanded
2019-11-25 12:04:21 INFO  Server:48 - server.Server started working...
2019-11-25 12:04:21 INFO  Server:44 - Sender started
2019-11-25 12:04:23 INFO  Client:60 - Client Client 1 started working
2019-11-25 12:04:25 INFO  Client:60 - Client Client 1 started working
2019-11-25 12:04:27 INFO  Client:60 - Client Client 1 started working
2019-11-25 12:04:29 INFO  Client:60 - Client Client 0 started working
2019-11-25 12:04:31 INFO  Server:56 - Message sanded
2019-11-25 12:04:31 INFO  Server:56 - Message sanded
2019-11-25 12:04:41 INFO  Server:56 - Message sanded
2019-11-25 12:04:41 INFO  Server:56 - Message sanded
2019-11-25 12:04:51 INFO  Server:56 - Message sanded
2019-11-25 12:04:51 INFO  Server:56 - Message sanded
2019-11-25 12:05:01 INFO  Server:56 - Message sanded
2019-11-25 12:05:01 INFO  Server:56 - Message sanded
2019-11-25 12:05:11 INFO  Server:56 - Message sanded
2019-11-25 12:05:11 INFO  Server:56 - Message sanded
2019-11-25 12:05:21 INFO  Server:56 - Message sanded
2019-11-25 12:05:21 INFO  Server:56 - Message sanded
2019-11-25 12:05:31 INFO  Server:56 - Message sanded
2019-11-25 12:05:31 INFO  Server:56 - Message sanded
2019-11-25 12:05:41 INFO  Server:56 - Message sanded
2019-11-25 12:05:41 INFO  Server:56 - Message sanded
2019-11-25 12:05:51 INFO  Server:56 - Message sanded
2019-11-25 12:05:51 INFO  Server:56 - Message sanded
2019-11-25 12:06:01 INFO  Server:56 - Message sanded
2019-11-25 12:06:01 INFO  Server:56 - Message sanded
2019-11-25 12:06:11 INFO  Server:56 - Message sanded
2019-11-25 12:06:11 INFO  Server:56 - Message sanded
2019-11-25 12:06:21 INFO  Server:56 - Message sanded
2019-11-25 12:06:21 INFO  Server:56 - Message sanded
2019-11-25 12:06:31 INFO  Server:56 - Message sanded
2019-11-25 12:06:31 INFO  Server:56 - Message sanded
2019-11-25 12:06:41 INFO  Server:56 - Message sanded
2019-11-25 12:06:41 INFO  Server:56 - Message sanded
2019-11-25 12:06:51 INFO  Server:56 - Message sanded
2019-11-25 12:06:51 INFO  Server:56 - Message sanded
2019-11-25 12:07:01 INFO  Server:56 - Message sanded
2019-11-25 12:07:01 INFO  Server:56 - Message sanded
2019-11-25 12:07:11 INFO  Server:56 - Message sanded
2019-11-25 12:07:11 INFO  Server:56 - Message sanded
2019-11-25 12:07:21 INFO  Server:56 - Message sanded
2019-11-25 12:07:21 INFO  Server:56 - Message sanded
2019-11-25 12:07:31 INFO  Server:56 - Message sanded
2019-11-25 12:07:31 INFO  Server:56 - Message sanded
2019-11-25 12:07:41 INFO  Server:56 - Message sanded
2019-11-25 12:07:41 INFO  Server:56 - Message sanded
2019-11-26 18:16:25 INFO  Server:52 - server.Server started working...
2019-11-26 18:16:26 INFO  Server:47 - Sender started
2019-11-26 18:16:30 INFO  Client:60 - Client Client 1 started working
2019-11-26 18:16:33 INFO  Client:60 - Client Client 1 started working
2019-11-26 18:16:36 INFO  Client:60 - Client Client 1 started working
2019-11-26 18:16:36 INFO  Server:59 - Message sanded
2019-11-26 18:16:36 INFO  Server:59 - Message sanded
2019-11-26 18:16:46 INFO  Server:59 - Message sanded
2019-11-26 18:16:46 INFO  Server:59 - Message sanded
2019-11-26 18:16:56 INFO  Server:59 - Message sanded
2019-11-26 18:16:56 INFO  Server:59 - Message sanded
2019-11-26 18:21:25 INFO  Server:52 - server.Server started working...
2019-11-26 18:21:25 INFO  Server:47 - Sender started
2019-11-26 18:21:29 INFO  Client:60 - Client Client 0 started working
2019-11-26 18:21:32 INFO  Server:25 - Client registered
2019-11-26 18:21:32 INFO  Client:60 - Client Client 1 started working
2019-11-26 18:21:35 INFO  Client:60 - Client Client 1 started working
2019-11-26 18:21:35 INFO  Server:25 - Client registered
2019-11-26 18:21:35 INFO  Server:59 - Message sanded
2019-11-26 18:21:35 INFO  Server:59 - Message sanded
2019-11-26 18:21:37 INFO  Server:25 - Client registered
2019-11-26 18:21:41 INFO  Server:32 - Client unregistered
2019-11-26 18:21:45 INFO  Server:59 - Message sanded
2019-11-26 18:21:45 INFO  Server:59 - Message sanded
2019-11-26 18:21:55 INFO  Server:59 - Message sanded
2019-11-26 18:21:55 INFO  Server:59 - Message sanded
2019-11-26 18:22:05 INFO  Server:59 - Message sanded
2019-11-26 18:22:05 INFO  Server:59 - Message sanded
2019-11-26 18:22:15 INFO  Server:59 - Message sanded
2019-11-26 18:22:15 INFO  Server:59 - Message sanded
2019-11-26 18:22:17 INFO  Client:84 - Client Client 0 finished working
2019-11-26 18:22:17 INFO  Client:84 - Client Client 1 finished working
2019-11-26 18:22:17 INFO  Client:60 - Client Client 2 started working
2019-11-26 18:22:22 INFO  Server:52 - server.Server started working...
2019-11-26 18:22:23 INFO  Server:47 - Sender started
2019-11-26 18:22:31 INFO  Server:52 - server.Server started working...
2019-11-26 18:22:32 INFO  Server:47 - Sender started
2019-11-26 18:22:34 INFO  Client:60 - Client Client 0 started working
2019-11-26 18:22:37 INFO  Client:60 - Client Client 1 started working
2019-11-26 18:22:37 INFO  Server:25 - Client registered
2019-11-26 18:22:40 INFO  Client:60 - Client Client 1 started working
2019-11-26 18:22:40 INFO  Server:25 - Client registered
2019-11-26 18:22:42 INFO  Server:59 - Message sanded
2019-11-26 18:22:42 INFO  Server:59 - Message sanded
2019-11-26 18:22:42 INFO  Server:25 - Client registered
2019-11-26 18:22:49 INFO  Server:32 - Client unregistered
2019-11-26 18:22:52 INFO  Server:59 - Message sanded
2019-11-26 18:22:52 INFO  Server:59 - Message sanded
2019-11-26 18:22:58 INFO  Client:84 - Client Client 1 finished working
2019-11-26 18:23:14 INFO  Server:52 - server.Server started working...
2019-11-26 18:23:15 INFO  Server:47 - Sender started
2019-11-26 18:23:16 INFO  Client:60 - Client Client 2 started working
2019-11-26 18:23:26 INFO  Client:60 - Client Client 2 started working
2019-11-26 18:23:28 INFO  Server:25 - Client registered
2019-11-26 18:23:30 INFO  Server:32 - Client unregistered
2019-11-26 18:27:01 INFO  Server:52 - server.Server started working...
2019-11-26 18:27:02 INFO  Server:47 - Sender started
2019-11-26 18:27:04 INFO  Client:60 - Client Client 2 started working
2019-11-26 18:27:06 INFO  Client:60 - Client Client 1 started working
2019-11-26 18:27:06 INFO  Server:26 - Client registered /127.0.0.1:51452
2019-11-26 18:27:09 INFO  Client:60 - Client Client 0 started working
2019-11-26 18:27:09 INFO  Server:26 - Client registered /127.0.0.1:51490
2019-11-26 18:27:11 INFO  Server:26 - Client registered /127.0.0.1:51524
2019-11-26 18:27:12 INFO  Server:59 - Message sanded
2019-11-26 18:27:12 INFO  Server:59 - Message sanded
2019-11-26 18:27:19 INFO  Server:33 - Client unregistered /127.0.0.1:51524
2019-11-26 18:27:22 INFO  Server:59 - Message sanded
2019-11-26 18:27:22 INFO  Server:59 - Message sanded
2019-11-28 18:39:43 INFO  Server:55 - server.Server started working...
2019-11-28 18:39:44 INFO  Server:47 - Sender started
2019-11-28 18:39:45 INFO  Client:60 - Client Client 0 started working
2019-11-28 18:39:47 INFO  Client:60 - Client Client 2 started working
2019-11-28 18:39:48 INFO  Server:26 - Client registered /127.0.0.1:50258
2019-11-28 18:39:50 INFO  Client:60 - Client Client 1 started working
2019-11-28 18:39:50 INFO  Server:26 - Client registered /127.0.0.1:50294
2019-11-28 18:39:52 INFO  Server:26 - Client registered /127.0.0.1:50330
2019-11-28 18:39:54 INFO  Server:59 - Message sanded
2019-11-28 18:39:54 INFO  Server:59 - Message sanded
2019-11-28 18:40:04 INFO  Server:59 - Message sanded
2019-11-28 18:40:04 INFO  Server:59 - Message sanded
2019-11-29 13:20:01 INFO  Server:62 - server.Server started working...
2019-11-29 13:20:02 INFO  Server:47 - Sender started
2019-11-29 13:21:15 INFO  Server:62 - server.Server started working...
2019-11-29 13:21:16 INFO  Server:47 - Sender started
2019-11-29 13:21:35 INFO  Server:62 - server.Server started working...
2019-11-29 13:21:36 INFO  Server:47 - Sender started
2019-11-29 13:21:58 INFO  Server:62 - server.Server started working...
2019-11-29 13:21:59 INFO  Server:47 - Sender started
2019-11-29 13:23:05 INFO  Server:62 - server.Server started working...
2019-11-29 13:23:05 INFO  Server:47 - Sender started
2019-11-29 13:23:59 INFO  Server:62 - server.Server started working...
2019-11-29 13:24:00 INFO  Server:48 - Sender started
2019-11-29 13:24:31 INFO  Server:62 - server.Server started working...
2019-11-29 13:24:59 INFO  Server:62 - server.Server started working...
2019-11-29 13:25:18 INFO  Server:62 - server.Server started working...
2019-11-29 13:25:18 INFO  Server:48 - Sender started
2019-11-29 13:27:34 INFO  Server:62 - server.Server started working...
2019-11-29 13:27:34 INFO  Server:48 - Sender started
2019-11-29 13:29:22 INFO  Server:62 - Server started working...
2019-11-29 13:29:23 INFO  Server:48 - Sender started
2019-11-29 13:32:32 INFO  Server:62 - Server started working...
2019-11-29 13:32:33 INFO  Server:48 - Sender started
2019-11-29 13:32:35 INFO  Client:61 - Client Client 2 started working
2019-11-29 13:32:37 INFO  Server:26 - Client registered /127.0.0.1:51540
2019-11-29 13:32:46 INFO  Client:61 - Client Client 0 started working
2019-11-29 13:32:49 INFO  Server:26 - Client registered /127.0.0.1:51579
2019-11-29 13:32:49 INFO  Server:60 - Message sanded
2019-11-29 13:32:49 INFO  Server:60 - Message sanded
2019-11-29 13:32:59 INFO  Server:60 - Message sanded
2019-11-29 13:32:59 INFO  Server:60 - Message sanded
2019-11-29 13:33:09 INFO  Server:60 - Message sanded
2019-11-29 13:33:09 INFO  Server:60 - Message sanded
2019-11-29 13:33:22 INFO  Server:62 - Server started working...
2019-11-29 13:33:23 INFO  Server:48 - Sender started
2019-11-29 13:33:31 INFO  Server:62 - Server started working...
2019-11-29 13:33:32 INFO  Server:48 - Sender started
2019-11-29 13:33:33 INFO  Client:61 - Client Client 0 started working
2019-11-29 13:33:36 INFO  Server:26 - Client registered /127.0.0.1:51763
2019-11-29 13:33:36 INFO  Client:61 - Client Client 2 started working
2019-11-29 13:33:38 INFO  Server:26 - Client registered /127.0.0.1:51801
2019-11-29 13:33:42 INFO  Server:60 - Message sanded
2019-11-29 13:33:42 INFO  Server:60 - Message sanded
2019-11-29 13:34:18 INFO  Server:62 - Server started working...
2019-11-29 13:34:19 INFO  Server:48 - Sender started
2019-11-29 13:34:20 INFO  Client:61 - Client Client 0 started working
2019-11-29 13:34:23 INFO  Client:61 - Client Client 0 started working
2019-11-29 13:34:23 INFO  Server:26 - Client registered /127.0.0.1:51914
2019-11-29 13:34:25 INFO  Server:26 - Client registered /127.0.0.1:51948
2019-11-29 13:34:29 INFO  Server:60 - Message sanded
2019-11-29 13:34:29 INFO  Server:60 - Message sanded
2019-11-29 13:34:39 INFO  Server:60 - Message sanded
2019-11-29 13:34:39 INFO  Server:60 - Message sanded
2019-11-29 13:41:50 INFO  Server:62 - Server started working...
2019-11-29 13:41:51 INFO  Server:48 - Sender started
2019-11-29 13:41:52 INFO  Client:61 - Client Client 0 started working
2019-11-29 13:41:54 INFO  Client:61 - Client Client 0 started working
2019-11-29 13:41:54 INFO  Server:26 - Client registered /127.0.0.1:52076
2019-11-29 13:41:57 INFO  Server:26 - Client registered /127.0.0.1:52112
2019-11-29 13:42:01 INFO  Server:60 - Message sanded
2019-11-29 13:42:01 INFO  Server:60 - Message sanded
2019-11-29 13:42:11 INFO  Server:60 - Message sanded
2019-11-29 13:42:11 INFO  Server:60 - Message sanded
2019-11-29 13:42:21 INFO  Server:60 - Message sanded
2019-11-29 13:42:21 INFO  Server:60 - Message sanded
2019-11-29 13:42:31 INFO  Server:60 - Message sanded
2019-11-29 13:42:31 INFO  Server:60 - Message sanded
2019-11-29 13:42:46 INFO  Server:62 - Server started working...
2019-11-29 13:42:47 INFO  Server:48 - Sender started
2019-11-29 13:42:48 INFO  Client:61 - Client Client 1 started working
2019-11-29 13:42:50 INFO  Server:26 - Client registered /127.0.0.1:52221
2019-11-29 13:42:50 INFO  Client:61 - Client Client 2 started working
2019-11-29 13:42:53 INFO  Server:26 - Client registered /127.0.0.1:52257
2019-11-29 13:42:57 INFO  Server:60 - Message sanded
2019-11-29 13:42:57 INFO  Server:60 - Message sanded
2019-11-29 13:44:46 INFO  Server:62 - Server started working...
2019-11-29 13:44:46 INFO  Server:48 - Sender started
2019-11-29 13:45:06 INFO  Client:61 - Client Client 1 started working
2019-11-29 13:45:09 INFO  Client:61 - Client Client 2 started working
2019-11-29 13:45:09 INFO  Server:26 - Client registered /127.0.0.1:52370
2019-11-29 13:45:11 INFO  Server:26 - Client registered /127.0.0.1:52404
2019-11-29 13:45:11 INFO  Server:60 - Message sanded
2019-11-29 13:45:11 INFO  Server:60 - Message sanded
2019-11-29 13:45:11 INFO  Server:33 - Client unregistered /127.0.0.1:52404
2019-11-29 13:45:43 INFO  Server:62 - Server started working...
2019-11-29 13:45:44 INFO  Server:48 - Sender started
2019-11-29 13:45:45 INFO  Client:61 - Client Client 1 started working
2019-11-29 13:45:47 INFO  Client:61 - Client Client 0 started working
2019-11-29 13:45:48 INFO  Server:26 - Client registered /127.0.0.1:52516
2019-11-29 13:45:50 INFO  Server:26 - Client registered /127.0.0.1:52550
2019-11-29 13:45:50 INFO  Server:33 - Client unregistered /127.0.0.1:52550
2019-11-29 13:50:06 INFO  Server:62 - Server started working...
2019-11-29 13:50:07 INFO  Server:48 - Sender started
2019-11-29 13:50:08 INFO  Client:62 - Client Client 1 started working
2019-11-29 13:50:10 INFO  Server:26 - Client registered /127.0.0.1:52661
2019-11-29 13:50:13 INFO  Client:62 - Client Client 0 started working
2019-11-29 13:50:15 INFO  Server:26 - Client registered /127.0.0.1:52699
2019-11-29 13:50:15 INFO  Server:33 - Client unregistered /127.0.0.1:52699
2019-11-29 13:50:36 INFO  Server:62 - Server started working...
2019-11-29 13:50:36 INFO  Server:48 - Sender started
2019-11-29 13:50:38 INFO  Client:62 - Client Client 2 started working
2019-11-29 13:50:40 INFO  Client:62 - Client Client 1 started working
2019-11-29 13:50:40 INFO  Server:26 - Client registered /127.0.0.1:52811
2019-11-29 13:50:42 INFO  Server:26 - Client registered /127.0.0.1:52845
2019-11-29 13:50:46 INFO  Server:60 - Message sanded
2019-11-29 13:50:46 INFO  Server:60 - Message sanded
2019-11-29 13:51:02 INFO  Server:62 - Server started working...
2019-11-29 13:51:03 INFO  Server:48 - Sender started
2019-11-29 13:51:04 INFO  Client:62 - Client Client 2 started working
2019-11-29 13:51:07 INFO  Client:62 - Client Client 0 started working
2019-11-29 13:51:07 INFO  Server:26 - Client registered /127.0.0.1:52956
2019-11-29 13:51:09 INFO  Server:26 - Client registered /127.0.0.1:52990
2019-11-29 13:51:13 INFO  Server:60 - Message sanded
2019-11-29 13:51:13 INFO  Server:60 - Message sanded
2019-11-29 13:51:23 INFO  Server:60 - Message sanded
2019-11-29 13:51:23 INFO  Server:60 - Message sanded
2019-11-29 13:51:26 INFO  Client:62 - Client Client 1 started working
2019-11-29 13:51:28 INFO  Server:26 - Client registered /127.0.0.1:53028
2019-11-29 13:51:33 INFO  Server:60 - Message sanded
2019-11-29 13:51:33 INFO  Server:60 - Message sanded
2019-11-29 13:51:43 INFO  Server:60 - Message sanded
2019-11-29 13:51:43 INFO  Server:60 - Message sanded
2019-11-29 13:51:53 INFO  Server:60 - Message sanded
2019-11-29 13:51:53 INFO  Server:60 - Message sanded
2019-11-29 13:52:03 INFO  Server:60 - Message sanded
2019-11-29 13:52:03 INFO  Server:60 - Message sanded
2019-11-29 16:26:56 INFO  Server:62 - Server started working...
2019-11-29 16:26:56 INFO  Server:48 - Sender started
2019-11-29 16:26:58 INFO  Client:62 - Client Client 2 started working
2019-11-29 16:27:00 INFO  Client:62 - Client Client 0 started working
2019-11-29 16:27:00 INFO  Server:26 - Client registered /127.0.0.1:53652
2019-11-29 16:27:02 INFO  Server:26 - Client registered /127.0.0.1:53686
2019-11-29 16:27:06 INFO  Server:60 - Message sanded
2019-11-29 16:27:06 INFO  Server:60 - Message sanded
2019-12-02 09:46:31 INFO  Server:62 - Server started working...
2019-12-02 09:46:32 INFO  Server:48 - Sender started
2019-12-02 09:46:36 INFO  Client:62 - Client Client 2 started working
2019-12-02 09:46:38 INFO  Client:62 - Client Client 0 started working
2019-12-02 09:46:39 INFO  Server:26 - Client registered /127.0.0.1:50302
2019-12-02 09:46:41 INFO  Client:62 - Client Client 2 started working
2019-12-02 09:46:41 INFO  Server:26 - Client registered /127.0.0.1:50340
2019-12-02 09:46:42 INFO  Server:60 - Message sanded
2019-12-02 09:46:42 INFO  Server:60 - Message sanded
2019-12-02 09:46:44 INFO  Server:26 - Client registered /127.0.0.1:50376
2019-12-02 09:46:52 INFO  Server:60 - Message sanded
2019-12-02 09:46:52 INFO  Server:60 - Message sanded
2019-12-02 09:47:02 INFO  Server:60 - Message sanded
2019-12-02 09:47:02 INFO  Server:60 - Message sanded
2019-12-02 11:38:18 INFO  Server:62 - Server started working...
2019-12-02 11:38:19 INFO  Server:48 - Sender started
2019-12-02 11:38:25 INFO  Client:62 - Client Client 1 started working
2019-12-02 11:38:27 INFO  Client:62 - Client Client 0 started working
2019-12-02 11:38:28 INFO  Server:26 - Client registered /127.0.0.1:51632
2019-12-02 11:38:30 INFO  Client:62 - Client Client 1 started working
2019-12-02 11:38:30 INFO  Server:26 - Client registered /127.0.0.1:51670
2019-12-02 11:38:30 INFO  Server:60 - Message sanded
2019-12-02 11:38:30 INFO  Server:60 - Message sanded
2019-12-02 11:38:32 INFO  Server:26 - Client registered /127.0.0.1:51704
2019-12-02 11:38:40 INFO  Server:60 - Message sanded
2019-12-02 11:38:40 INFO  Server:60 - Message sanded
2019-12-02 11:38:50 INFO  Server:60 - Message sanded
2019-12-02 11:38:50 INFO  Server:60 - Message sanded
2019-12-02 11:39:00 INFO  Server:60 - Message sanded
2019-12-02 11:39:00 INFO  Server:60 - Message sanded
2019-12-02 11:39:10 INFO  Server:60 - Message sanded
2019-12-02 11:39:10 INFO  Server:60 - Message sanded
