2019-12-11 21:19:18 INFO  DOMParser:25 - Program started...
2019-12-11 21:19:18 INFO  XMLValidator:29 - XMLValidator started working...
2019-12-11 21:19:20 INFO  MySAXParser:33 - SAXParser started working...
2019-12-11 21:19:20 INFO  DOMParser:63 - Program finished...
2019-12-12 19:48:00 INFO  DOMParser:25 - Program started...
2019-12-12 19:48:00 INFO  XMLValidator:29 - XMLValidator started working...
2019-12-12 19:48:03 INFO  MySAXParser:33 - SAXParser started working...
2019-12-12 19:48:03 INFO  DOMParser:63 - Program finished...
2019-12-12 19:48:34 INFO  DOMParser:25 - Program started...
2019-12-12 19:48:34 INFO  XMLValidator:29 - XMLValidator started working...
2019-12-12 19:48:35 INFO  DOMParser:33 - DOMParser started working...
2019-12-12 19:48:35 INFO  DOMParser:63 - Program finished...
2019-12-12 19:48:39 INFO  DOMParser:25 - Program started...
2019-12-12 19:48:39 INFO  XMLValidator:29 - XMLValidator started working...
2019-12-12 19:48:40 INFO  MySAXParser:33 - SAXParser started working...
2019-12-12 19:48:40 INFO  DOMParser:63 - Program finished...
2019-12-12 19:48:43 INFO  DOMParser:25 - Program started...
2019-12-12 19:48:43 INFO  XMLValidator:29 - XMLValidator started working...
2019-12-12 19:48:44 INFO  StAXParser:33 - StAX parser started working...
2019-12-12 19:48:44 INFO  DOMParser:63 - Program finished...
2019-12-12 19:49:48 INFO  DOMParser:25 - Program started...
2019-12-12 19:49:48 INFO  XMLValidator:29 - XMLValidator started working...
2019-12-12 19:49:50 INFO  DOMParser:33 - DOMParser started working...
2019-12-12 19:49:50 INFO  DOMParser:63 - Program finished...
2019-12-12 19:50:00 INFO  DOMParser:24 - Program started...
2019-12-12 19:50:00 INFO  XMLValidator:27 - XMLValidator started working...
2019-12-12 19:50:02 INFO  DOMParser:33 - DOMParser started working...
2019-12-12 19:50:02 INFO  DOMParser:62 - Program finished...
2019-12-12 19:50:04 INFO  DOMParser:24 - Program started...
2019-12-12 19:50:04 INFO  XMLValidator:27 - XMLValidator started working...
2019-12-12 19:50:05 INFO  MySAXParser:32 - SAXParser started working...
2019-12-12 19:50:05 INFO  DOMParser:62 - Program finished...
2019-12-12 19:50:27 INFO  DOMParser:24 - Program started...
2019-12-12 19:50:27 INFO  XMLValidator:27 - XMLValidator started working...
2019-12-12 19:50:30 INFO  StAXParser:33 - StAX parser started working...
2019-12-12 19:50:30 INFO  DOMParser:62 - Program finished...
2019-12-13 10:10:39 INFO  DOMParser:24 - Program started...
2019-12-13 10:10:39 INFO  XMLValidator:27 - XMLValidator started working...
2019-12-13 10:10:42 INFO  DOMParser:33 - DOMParser started working...
2019-12-13 10:10:42 INFO  DOMParser:62 - Program finished...
2019-12-13 10:13:42 INFO  DOMParser:24 - Program started...
2019-12-13 10:13:42 INFO  XMLValidator:27 - XMLValidator started working...
2019-12-13 10:13:46 INFO  DOMParser:33 - DOMParser started working...
2019-12-13 10:13:46 INFO  DOMParser:62 - Program finished...
2019-12-13 10:14:08 INFO  DOMParser:24 - Program started...
2019-12-13 10:14:08 INFO  XMLValidator:27 - XMLValidator started working...
2019-12-13 10:14:10 INFO  StAXParser:33 - StAX parser started working...
2019-12-13 10:14:10 INFO  DOMParser:62 - Program finished...
2019-12-13 10:14:12 INFO  DOMParser:24 - Program started...
2019-12-13 10:14:12 INFO  XMLValidator:27 - XMLValidator started working...
2019-12-13 10:30:40 INFO  DOMParser:24 - Program started...
2019-12-13 10:30:40 INFO  XMLValidator:27 - XMLValidator started working...
2019-12-13 10:30:49 INFO  DOMParser:33 - DOMParser started working...
2019-12-13 10:30:49 INFO  DOMParser:62 - Program finished...
2019-12-13 10:31:01 INFO  DOMParser:24 - Program started...
2019-12-13 10:31:01 INFO  XMLValidator:27 - XMLValidator started working...
2019-12-13 10:31:06 INFO  MySAXParser:32 - SAXParser started working...
2019-12-13 10:31:06 INFO  DOMParser:62 - Program finished...
2019-12-13 10:31:09 INFO  DOMParser:24 - Program started...
2019-12-13 10:31:09 INFO  XMLValidator:27 - XMLValidator started working...
2019-12-13 10:31:11 INFO  StAXParser:33 - StAX parser started working...
2019-12-13 10:31:11 INFO  DOMParser:62 - Program finished...
